logs/84a413f9-198b-4fe0-9f7d-412f6377cd15.txt
val_bpb:enabled tokenizer_kind=sentencepiece tokenizer_path=./data/tokenizers/fineweb_1024_bpe.model
train_loader:dataset:fineweb10B_sp1024 train_shards:10
val_loader:shards pattern=./data/datasets/fineweb10B_sp1024/fineweb_val_*.bin tokens:62021632
model_params:26993756
mtp_num_heads:0 mtp_loss_weight:0.2 mtp_params:0
XSA:last_11 active_layers:[0, 1, 2, 3, 4, 5, 6, 7, 8, 9, 10]
world_size:1 grad_accum_steps:8
sdp_backends:cudnn=False flash=True mem_efficient=False math=False
attention_mode:gqa num_heads:8 num_kv_heads:4
tie_embeddings:True embed_lr:0.035 head_lr:0.0 matrix_lr:0.025 scalar_lr:0.025
train_batch_tokens:786432 train_seq_len:2048 iterations:200 warmup_steps:20 max_wallclock_seconds:300.000
seed:42
warmup_step:1/20
warmup_step:2/20
warmup_step:3/20
warmup_step:4/20
warmup_step:5/20
warmup_step:6/20
warmup_step:7/20
warmup_step:8/20
warmup_step:9/20
warmup_step:10/20
warmup_step:11/20
warmup_step:12/20
warmup_step:13/20
warmup_step:14/20
warmup_step:15/20
warmup_step:16/20
warmup_step:17/20
warmup_step:18/20
warmup_step:19/20
warmup_step:20/20
step:0/200 val_loss:6.9297 val_bpb:4.1042 train_time:0ms step_avg:0.01ms
step:1/200 train_loss:6.9303 train_time:690ms step_avg:690.18ms
late_qat:enabled step:1 scale:0.1239
step:2/200 train_loss:8.6603 train_time:1297ms step_avg:648.41ms
step:3/200 train_loss:8.4529 train_time:1964ms step_avg:654.78ms
step:4/200 train_loss:8.0555 train_time:2629ms step_avg:657.29ms
step:5/200 train_loss:7.6090 train_time:3296ms step_avg:659.15ms
step:6/200 train_loss:7.2479 train_time:3960ms step_avg:660.05ms
step:7/200 train_loss:6.9004 train_time:4630ms step_avg:661.42ms
step:8/200 train_loss:6.6253 train_time:5298ms step_avg:662.23ms
step:9/200 train_loss:6.3805 train_time:5962ms step_avg:662.47ms
step:10/200 train_loss:6.1913 train_time:6635ms step_avg:663.47ms
swa:start step:50
step:50/200 train_loss:5.0658 train_time:33276ms step_avg:665.52ms
step:100/200 train_loss:3.9125 train_time:66749ms step_avg:667.49ms
step:100/200 val_loss:3.8776 val_bpb:2.2965 train_time:66857ms step_avg:668.57ms
step:150/200 train_loss:3.5142 train_time:100299ms step_avg:668.66ms
step:200/200 train_loss:3.2226 train_time:133746ms step_avg:668.73ms
step:200/200 val_loss:3.2579 val_bpb:1.9295 train_time:133848ms step_avg:669.24ms
peak memory allocated: 23255 MiB reserved: 23522 MiB
ema:applying EMA weights
DIAGNOSTIC post_ema val_loss:6.9506 val_bpb:4.1165 eval_time:16230ms
Serialized model: 106158518 bytes
Code size: 101850 bytes
gptq:building non-banked model for Hessian collection...
gptq:generating autoregressive calibration data (64 seqs x 2048 tokens, temp=0.8)...
gptq:generated 64 sequences in 185.9s
gptq:collecting hessians from autoregressive data...
gptq:collected hessians for 68 layers (AR self-gen)
Traceback (most recent call last):
  File "/home/devuser/parameter-golf/records/track_10min_16mb/2026-03-25_ValCalib_GPTQ_XSA_BigramHash3072/train_gpt.py", line 2135, in <module>
    main()
  File "/home/devuser/parameter-golf/records/track_10min_16mb/2026-03-25_ValCalib_GPTQ_XSA_BigramHash3072/train_gpt.py", line 1994, in main
    quant_result, quant_meta = mixed_quantize_int6(unbanked_sd, {"mlp", "attn"}, hessians=hessians)
  File "/home/devuser/parameter-golf/records/track_10min_16mb/2026-03-25_ValCalib_GPTQ_XSA_BigramHash3072/train_gpt.py", line 1516, in mixed_quantize_int6
    q, s = quantize_int6_gptq(t, hessian=H, clip_range=cr)
  File "/home/devuser/parameter-golf/records/track_10min_16mb/2026-03-25_ValCalib_GPTQ_XSA_BigramHash3072/train_gpt.py", line 1188, in quantize_int6_gptq
    Hinv = torch.linalg.cholesky(H)
torch._C._LinAlgError: linalg.cholesky: The factorization could not be completed because the input is not positive-definite (the leading minor of order 1474 is not positive-definite).
