logs/dc503c9c-9817-4af8-98f6-d2c83fc70618.txt
val_bpb:enabled tokenizer_kind=sentencepiece tokenizer_path=./data/tokenizers/fineweb_1024_bpe.model
train_loader:dataset:fineweb10B_sp1024 train_shards:10
val_loader:shards pattern=./data/datasets/fineweb10B_sp1024/fineweb_val_*.bin tokens:62021632
model_params:22106696
world_size:1 grad_accum_steps:8
sdp_backends:cudnn=False flash=True mem_efficient=False math=False
attention_mode:gqa num_heads:8 num_kv_heads:4
tie_embeddings:True embed_lr:0.05 head_lr:0.0 matrix_lr:0.04 scalar_lr:0.04
train_batch_tokens:524288 train_seq_len:2048 iterations:20000 warmup_steps:20 max_wallclock_seconds:600.000
seed:42
warmup_step:1/20
warmup_step:2/20
warmup_step:3/20
warmup_step:4/20
warmup_step:5/20
warmup_step:6/20
warmup_step:7/20
warmup_step:8/20
warmup_step:9/20
warmup_step:10/20
warmup_step:11/20
warmup_step:12/20
warmup_step:13/20
warmup_step:14/20
warmup_step:15/20
warmup_step:16/20
warmup_step:17/20
warmup_step:18/20
warmup_step:19/20
warmup_step:20/20
step:0/20000 val_loss:6.9299 val_bpb:4.1043 train_time:0ms step_avg:0.01ms
step:1/20000 train_loss:6.9306 train_time:456ms step_avg:455.53ms
step:2/20000 train_loss:10.4842 train_time:898ms step_avg:448.93ms
step:3/20000 train_loss:7.5196 train_time:1355ms step_avg:451.75ms
step:4/20000 train_loss:7.9482 train_time:1812ms step_avg:453.01ms
step:5/20000 train_loss:7.6795 train_time:2267ms step_avg:453.50ms
step:6/20000 train_loss:7.3958 train_time:2717ms step_avg:452.82ms
step:7/20000 train_loss:6.7793 train_time:3162ms step_avg:451.72ms
step:8/20000 train_loss:6.4633 train_time:3611ms step_avg:451.33ms
step:9/20000 train_loss:6.2501 train_time:4061ms step_avg:451.23ms
step:10/20000 train_loss:6.1010 train_time:4509ms step_avg:450.90ms
step:100/20000 train_loss:3.2578 train_time:44834ms step_avg:448.34ms
step:200/20000 train_loss:2.6727 train_time:89752ms step_avg:448.76ms
step:300/20000 train_loss:2.5098 train_time:134692ms step_avg:448.97ms
step:400/20000 train_loss:2.2906 train_time:179542ms step_avg:448.85ms
step:500/20000 train_loss:2.4037 train_time:224297ms step_avg:448.59ms
step:500/20000 val_loss:2.3973 val_bpb:1.4198 train_time:224297ms step_avg:448.59ms
step:600/20000 train_loss:2.3957 train_time:269237ms step_avg:448.73ms
step:700/20000 train_loss:2.3491 train_time:314007ms step_avg:448.58ms
step:800/20000 train_loss:2.2358 train_time:358960ms step_avg:448.70ms
step:900/20000 train_loss:2.2550 train_time:403717ms step_avg:448.57ms
step:1000/20000 train_loss:2.2416 train_time:448514ms step_avg:448.51ms
step:1000/20000 val_loss:2.2095 val_bpb:1.3086 train_time:448514ms step_avg:448.51ms
step:1100/20000 train_loss:2.1520 train_time:493423ms step_avg:448.57ms
step:1200/20000 train_loss:2.1562 train_time:538241ms step_avg:448.53ms
step:1300/20000 train_loss:2.1629 train_time:582993ms step_avg:448.46ms
step:1338/20000 val_loss:2.1406 val_bpb:1.2678 train_time:600063ms step_avg:448.48ms
stopping_early: wallclock_cap train_time:600063ms step:1338/20000
peak memory allocated: 12269 MiB reserved: 12352 MiB
Serialized model: 86888858 bytes
Code size: 50885 bytes
Total submission size: 86939743 bytes
Serialized model int8+zlib: 15558985 bytes (payload:22305056 raw_torch:22351441 payload_ratio:3.89x)
Total submission size int8+zlib: 15609870 bytes
final_int8_zlib_roundtrip val_loss:2.1440 val_bpb:1.2698 eval_time:14605ms
final_int8_zlib_roundtrip_exact val_loss:2.14403705 val_bpb:1.26981951
